<?xml version="1.0" encoding="UTF-8"?>
<!-- Generated by org.testng.reporters.JUnitReportReporter -->
<testsuite hostname="LPT5128" failures="0" tests="1" name="sessionStart" time="8.738" errors="0" timestamp="2024-08-02T18:02:16 IST" skipped="0">
  <testcase classname="sessionStart" name="postMethod" time="8.738"/>
</testsuite> <!-- sessionStart -->
