<?xml version="1.0" encoding="UTF-8"?>
<!-- Generated by org.testng.reporters.JUnitReportReporter -->
<testsuite hostname="LPT5128" failures="0" tests="1" name="jsonParsing" time="2.251" errors="0" timestamp="2024-08-03T15:19:51 IST" skipped="0">
  <testcase classname="jsonParsing" name="parsing" time="2.251"/>
</testsuite> <!-- jsonParsing -->
