<?xml version="1.0" encoding="UTF-8"?>
<!-- Generated by org.testng.reporters.JUnitReportReporter -->
<testsuite hostname="LPT5128" failures="0" tests="1" name="propertyFile" time="2.272" errors="0" timestamp="2024-08-03T17:34:29 IST" skipped="0">
  <testcase classname="propertyFile" name="postMethod" time="2.272"/>
</testsuite> <!-- propertyFile -->
